10:58:28 **** Incremental Build of configuration Debug for project labo_ASP_sdcard ****
make all 
arm-none-eabi-gcc -c -Wall -O0 -g -I. -I/opt/cc/arm-none-eabi/include -o sd_toolbox.o sd_toolbox.c
sd_toolbox.c: In function 'mmchs_write_block':
sd_toolbox.c:501:6: warning: unused variable 'k'
sd_toolbox.c: In function 'mmchs_write_multiple_block':
sd_toolbox.c:626:6: warning: unused variable 'k'
arm-none-eabi-gcc -e start  -T standalone.ld -static  -lc -L. -o labo_asp.elf crt0_arm.o obj_gpio/gpio_toolbox.o init.o menu_toolbox.o newlib_stubs.o main.o obj_lcd/lcd_toolbox.o int_arm.o sd_toolbox.o test_menu.o twl4030.o fat_toolbox.o ff.o obj_i2c/i2c_toolbox.o fat_mmcsd.o 
arm-none-eabi-nm --numeric-sort labo_asp.elf > labo_asp.sym
arm-none-eabi-objdump --source --disassemble labo_asp.elf > labo_asp.dis
10:58:37 **** Incremental Build of configuration Debug for project labo_ASP_sdcard ****
make all 
arm-none-eabi-gcc -e start  -T standalone.ld -static  -lc -L. -o labo_asp.elf crt0_arm.o obj_gpio/gpio_toolbox.o init.o menu_toolbox.o newlib_stubs.o main.o obj_lcd/lcd_toolbox.o int_arm.o sd_toolbox.o test_menu.o twl4030.o fat_toolbox.o ff.o obj_i2c/i2c_toolbox.o fat_mmcsd.o 
arm-none-eabi-nm --numeric-sort labo_asp.elf > labo_asp.sym
arm-none-eabi-objdump --source --disassemble labo_asp.elf > labo_asp.dis
10:59:19 **** Incremental Build of configuration Debug for project labo_ASP_sdcard ****
make all 
arm-none-eabi-gcc -e start  -T standalone.ld -static  -lc -L. -o labo_asp.elf crt0_arm.o obj_gpio/gpio_toolbox.o init.o menu_toolbox.o newlib_stubs.o main.o obj_lcd/lcd_toolbox.o int_arm.o sd_toolbox.o test_menu.o twl4030.o fat_toolbox.o ff.o obj_i2c/i2c_toolbox.o fat_mmcsd.o 
arm-none-eabi-nm --numeric-sort labo_asp.elf > labo_asp.sym
arm-none-eabi-objdump --source --disassemble labo_asp.elf > labo_asp.dis
